2017-06-25 15:27:07,413 [Worker-15] INFO  o.e.m.c.i.l.LifecycleMappingFactory - Using org.eclipse.m2e.jdt.JarLifecycleMapping lifecycle mapping for MavenProject: es.urjc.code:Fase3:0.0.1-SNAPSHOT @ /Users/dinaelgueddari/Documents/Daw 2017/Fase 5/DAW2017Angular/Fase3/pom.xml.
2017-06-25 15:27:09,289 [Worker-15] INFO  o.e.m.c.i.embedder.EclipseLogger - Using 'UTF-8' encoding to copy filtered resources.
2017-06-25 15:27:09,301 [Worker-15] INFO  o.e.m.c.i.embedder.EclipseLogger - Copying 1 resource
2017-06-25 15:27:09,349 [Worker-15] INFO  o.e.m.c.i.embedder.EclipseLogger - Copying 91 resources
2017-06-25 15:27:09,718 [Worker-15] INFO  o.e.m.c.i.embedder.EclipseLogger - Using 'UTF-8' encoding to copy filtered resources.
2017-06-25 15:27:09,718 [Worker-15] INFO  o.e.m.c.i.embedder.EclipseLogger - skip non existing resourceDirectory /Users/dinaelgueddari/Documents/Daw 2017/Fase 5/DAW2017Angular/Fase3/src/test/resources
2017-06-25 15:27:12,090 [Worker-18] INFO  o.e.m.c.i.embedder.EclipseLogger - Using 'UTF-8' encoding to copy filtered resources.
2017-06-25 15:27:12,095 [Worker-18] INFO  o.e.m.c.i.embedder.EclipseLogger - Copying 1 resource
2017-06-25 15:27:12,098 [Worker-18] INFO  o.e.m.c.i.embedder.EclipseLogger - Copying 91 resources
2017-06-25 15:27:12,193 [Worker-18] INFO  o.e.m.c.i.embedder.EclipseLogger - Using 'UTF-8' encoding to copy filtered resources.
2017-06-25 15:27:12,194 [Worker-18] INFO  o.e.m.c.i.embedder.EclipseLogger - skip non existing resourceDirectory /Users/dinaelgueddari/Documents/Daw 2017/Fase 5/DAW2017Angular/Fase3/src/test/resources
2017-06-25 15:27:13,167 [Worker-17] INFO  o.e.m.c.i.embedder.EclipseLogger - Using 'UTF-8' encoding to copy filtered resources.
2017-06-25 15:27:13,168 [Worker-17] INFO  o.e.m.c.i.embedder.EclipseLogger - Copying 1 resource
2017-06-25 15:27:13,171 [Worker-17] INFO  o.e.m.c.i.embedder.EclipseLogger - Copying 91 resources
2017-06-25 15:27:13,295 [Worker-17] INFO  o.e.m.c.i.embedder.EclipseLogger - Using 'UTF-8' encoding to copy filtered resources.
2017-06-25 15:27:13,295 [Worker-17] INFO  o.e.m.c.i.embedder.EclipseLogger - skip non existing resourceDirectory /Users/dinaelgueddari/Documents/Daw 2017/Fase 5/DAW2017Angular/Fase3/src/test/resources
2017-06-25 15:27:56,986 [Worker-15] INFO  o.e.m.c.i.embedder.EclipseLogger - Using 'UTF-8' encoding to copy filtered resources.
2017-06-25 15:27:56,990 [Worker-15] INFO  o.e.m.c.i.embedder.EclipseLogger - Copying 1 resource
2017-06-25 15:27:56,992 [Worker-15] INFO  o.e.m.c.i.embedder.EclipseLogger - Copying 0 resource
2017-06-25 15:27:56,996 [Worker-15] INFO  o.e.m.c.i.embedder.EclipseLogger - Using 'UTF-8' encoding to copy filtered resources.
2017-06-25 15:27:56,996 [Worker-15] INFO  o.e.m.c.i.embedder.EclipseLogger - skip non existing resourceDirectory /Users/dinaelgueddari/Documents/Daw 2017/Fase 5/DAW2017Angular/Fase3/src/test/resources
2017-06-25 15:31:37,057 [Worker-0] INFO  o.e.m.c.i.embedder.EclipseLogger - Using 'UTF-8' encoding to copy filtered resources.
2017-06-25 15:31:37,072 [Worker-0] INFO  o.e.m.c.i.embedder.EclipseLogger - Copying 1 resource
2017-06-25 15:31:37,111 [Worker-0] INFO  o.e.m.c.i.embedder.EclipseLogger - Copying 91 resources
2017-06-25 15:31:37,407 [Worker-0] INFO  o.e.m.c.i.embedder.EclipseLogger - Using 'UTF-8' encoding to copy filtered resources.
2017-06-25 15:31:37,408 [Worker-0] INFO  o.e.m.c.i.embedder.EclipseLogger - skip non existing resourceDirectory /Users/dinaelgueddari/Documents/Daw 2017/Fase 5/DAW2017Angular/Fase3/src/test/resources
2017-06-25 15:34:29,999 [Worker-2] INFO  o.e.m.c.i.embedder.EclipseLogger - Using 'UTF-8' encoding to copy filtered resources.
2017-06-25 15:34:30,019 [Worker-2] INFO  o.e.m.c.i.embedder.EclipseLogger - Copying 1 resource
2017-06-25 15:34:30,027 [Worker-2] INFO  o.e.m.c.i.embedder.EclipseLogger - Copying 91 resources
2017-06-25 15:34:30,037 [Worker-2] INFO  o.e.m.c.i.embedder.EclipseLogger - Using 'UTF-8' encoding to copy filtered resources.
2017-06-25 15:34:30,037 [Worker-2] INFO  o.e.m.c.i.embedder.EclipseLogger - skip non existing resourceDirectory /Users/dinaelgueddari/Documents/Daw 2017/Fase 5/DAW2017Angular/Fase3/src/test/resources
2017-06-25 15:36:33,450 [Worker-21] INFO  o.e.m.c.i.embedder.EclipseLogger - Using 'UTF-8' encoding to copy filtered resources.
2017-06-25 15:36:33,454 [Worker-21] INFO  o.e.m.c.i.embedder.EclipseLogger - Copying 1 resource
2017-06-25 15:36:33,459 [Worker-21] INFO  o.e.m.c.i.embedder.EclipseLogger - Copying 91 resources
2017-06-25 15:36:33,466 [Worker-21] INFO  o.e.m.c.i.embedder.EclipseLogger - Using 'UTF-8' encoding to copy filtered resources.
2017-06-25 15:36:33,466 [Worker-21] INFO  o.e.m.c.i.embedder.EclipseLogger - skip non existing resourceDirectory /Users/dinaelgueddari/Documents/Daw 2017/Fase 5/DAW2017Angular/Fase3/src/test/resources
2017-06-25 15:59:05,874 [Worker-36] INFO  o.e.m.c.i.embedder.EclipseLogger - Using 'UTF-8' encoding to copy filtered resources.
2017-06-25 15:59:05,879 [Worker-36] INFO  o.e.m.c.i.embedder.EclipseLogger - Copying 1 resource
2017-06-25 15:59:05,882 [Worker-36] INFO  o.e.m.c.i.embedder.EclipseLogger - Copying 0 resource
2017-06-25 15:59:05,887 [Worker-36] INFO  o.e.m.c.i.embedder.EclipseLogger - Using 'UTF-8' encoding to copy filtered resources.
2017-06-25 15:59:05,887 [Worker-36] INFO  o.e.m.c.i.embedder.EclipseLogger - skip non existing resourceDirectory /Users/dinaelgueddari/Documents/Daw 2017/Fase 5/DAW2017Angular/Fase3/src/test/resources
2017-06-25 16:04:06,954 [Worker-33] INFO  o.e.m.c.i.embedder.EclipseLogger - Using 'UTF-8' encoding to copy filtered resources.
2017-06-25 16:04:06,964 [Worker-33] INFO  o.e.m.c.i.embedder.EclipseLogger - Copying 1 resource
2017-06-25 16:04:06,972 [Worker-33] INFO  o.e.m.c.i.embedder.EclipseLogger - Copying 91 resources
2017-06-25 16:04:06,976 [Worker-33] INFO  o.e.m.c.i.embedder.EclipseLogger - Using 'UTF-8' encoding to copy filtered resources.
2017-06-25 16:04:06,976 [Worker-33] INFO  o.e.m.c.i.embedder.EclipseLogger - skip non existing resourceDirectory /Users/dinaelgueddari/Documents/Daw 2017/Fase 5/DAW2017Angular/Fase3/src/test/resources
